Sep 18 20:39 : exception: Failed to open '/home/fiend/.mpd/mpdstate': No such file or directory
Sep 19 04:03 : update: added Two Steps From Hell/Two Steps From Hell-Classics Vol.1 (2013)[Mp3]/21 Stormwatch.mp3
Sep 19 04:03 : update: added Two Steps From Hell/Two Steps From Hell-Classics Vol.1 (2013)[Mp3]/17 White Witch.mp3
Sep 19 04:03 : update: added Two Steps From Hell/Two Steps From Hell-Classics Vol.1 (2013)[Mp3]/15 Fortress of Seduction.mp3
Sep 19 04:03 : update: added Two Steps From Hell/Two Steps From Hell-Classics Vol.1 (2013)[Mp3]/23 Little Ben.mp3
Sep 19 04:03 : update: added Two Steps From Hell/Two Steps From Hell-Classics Vol.1 (2013)[Mp3]/03 Magnan Imus.mp3
Sep 19 04:03 : update: added Two Steps From Hell/Two Steps From Hell-Classics Vol.1 (2013)[Mp3]/05 Sons of War.mp3
Sep 19 04:03 : update: added Two Steps From Hell/Two Steps From Hell-Classics Vol.1 (2013)[Mp3]/07 Strength of an Empire.mp3
Sep 19 04:03 : update: added Two Steps From Hell/Two Steps From Hell-Classics Vol.1 (2013)[Mp3]/06 Return from Darkness.mp3
Sep 19 04:03 : update: added Two Steps From Hell/Two Steps From Hell-Classics Vol.1 (2013)[Mp3]/18 Spirit of Moravia.mp3
Sep 19 04:03 : update: added Two Steps From Hell/Two Steps From Hell-Classics Vol.1 (2013)[Mp3]/04 Jump!.mp3
Sep 19 04:03 : update: added Two Steps From Hell/Two Steps From Hell-Classics Vol.1 (2013)[Mp3]/16 Clairvoyant.mp3
Sep 19 04:03 : update: added Two Steps From Hell/Two Steps From Hell-Classics Vol.1 (2013)[Mp3]/01 Nemesis.mp3
Sep 19 04:03 : update: added Two Steps From Hell/Two Steps From Hell-Classics Vol.1 (2013)[Mp3]/02 Armada.mp3
Sep 19 04:03 : update: added Two Steps From Hell/Two Steps From Hell-Classics Vol.1 (2013)[Mp3]/12 Path to Earth.mp3
Sep 19 04:03 : update: added Two Steps From Hell/Two Steps From Hell-Classics Vol.1 (2013)[Mp3]/11 Sky Titans.mp3
Sep 19 04:03 : update: added Two Steps From Hell/Two Steps From Hell-Classics Vol.1 (2013)[Mp3]/08 Eternal Sorrow.mp3
Sep 19 04:03 : update: added Two Steps From Hell/Two Steps From Hell-Classics Vol.1 (2013)[Mp3]/09 The Ancients.mp3
Sep 19 04:03 : update: added Two Steps From Hell/Two Steps From Hell-Classics Vol.1 (2013)[Mp3]/10 Birth of a Hero.mp3
Sep 19 04:03 : update: added Two Steps From Hell/Two Steps From Hell-Classics Vol.1 (2013)[Mp3]/13 Earth Rising.mp3
Sep 19 04:03 : update: added Two Steps From Hell/Two Steps From Hell-Classics Vol.1 (2013)[Mp3]/22 The World Is Mind.mp3
Sep 19 04:03 : update: added Two Steps From Hell/Two Steps From Hell-Classics Vol.1 (2013)[Mp3]/14 Ironheart.mp3
Sep 19 04:03 : update: added Two Steps From Hell/Two Steps From Hell-Classics Vol.1 (2013)[Mp3]/19 The Cross of Antiquan.mp3
Sep 19 04:03 : update: added Two Steps From Hell/Two Steps From Hell-Classics Vol.1 (2013)[Mp3]/20 Asimov.mp3
Sep 19 12:13 : exception: Failed to create /home/fiend/.mpd/mpdstate: No such file or directory
Sep 19 12:19 : exception: Failed to create /home/fiend/.mpd/mpdstate: No such file or directory
Sep 19 19:45 : player: played "Juvenile - 400 Degreez (Deluxe) (2024) Album 320_kbps Beats⭐/Juvenile - 400 Degreez (Deluxe) (2024) Album 320_kbps Beats⭐/02. Ha.mp3"
Sep 19 19:45 : exception: Not playing
Sep 19 19:49 : player: played "Eminem - The Death of Slim Shady (Coup De Grâce)_ Expanded Mourner’s Edition (2024) Mp3 320kbps [PMEDIA] ⭐️/11. Houdini.mp3"
Sep 19 20:21 : mixer: Failed to read mixer for 'ALSA audio': no such mixer control: PCM
Sep 19 21:46 : output: Failed to open mixer for 'ALSA audio': no such mixer control: PCM
Sep 19 21:51 : player: played "Eminem - The Death of Slim Shady (Coup De Grâce)_ Expanded Mourner’s Edition (2024) Mp3 320kbps [PMEDIA] ⭐️/15. Temporary.mp3"
Sep 19 21:58 : output: Failed to open mixer for 'ALSA audio': no such mixer control: PCM
Sep 19 22:00 : player: played "Eminem - The Death of Slim Shady (Coup De Grâce)_ Expanded Mourner’s Edition (2024) Mp3 320kbps [PMEDIA] ⭐️/01. Renaissance.mp3"
Sep 19 22:01 : player: played "Eminem - The Death of Slim Shady (Coup De Grâce)_ Expanded Mourner’s Edition (2024) Mp3 320kbps [PMEDIA] ⭐️/03. Trouble.mp3"
Sep 19 22:04 : player: played "Eminem - The Death of Slim Shady (Coup De Grâce)_ Expanded Mourner’s Edition (2024) Mp3 320kbps [PMEDIA] ⭐️/04. Brand New Dance.mp3"
Sep 19 22:08 : player: played "Eminem - The Death of Slim Shady (Coup De Grâce)_ Expanded Mourner’s Edition (2024) Mp3 320kbps [PMEDIA] ⭐️/05. Evil.mp3"
Sep 19 22:08 : player: played "Eminem - The Death of Slim Shady (Coup De Grâce)_ Expanded Mourner’s Edition (2024) Mp3 320kbps [PMEDIA] ⭐️/06. All You Got (skit).mp3"
Sep 19 22:14 : player: played "Eminem - The Death of Slim Shady (Coup De Grâce)_ Expanded Mourner’s Edition (2024) Mp3 320kbps [PMEDIA] ⭐️/08. Antichrist.mp3"
Sep 19 22:17 : player: played "Eminem - The Death of Slim Shady (Coup De Grâce)_ Expanded Mourner’s Edition (2024) Mp3 320kbps [PMEDIA] ⭐️/11. Houdini.mp3"
Sep 19 22:18 : player: played "Eminem - The Death of Slim Shady (Coup De Grâce)_ Expanded Mourner’s Edition (2024) Mp3 320kbps [PMEDIA] ⭐️/12. Breaking News (skit).mp3"
Sep 19 22:23 : player: played "Eminem - The Death of Slim Shady (Coup De Grâce)_ Expanded Mourner’s Edition (2024) Mp3 320kbps [PMEDIA] ⭐️/13. Guilty Conscience 2.mp3"
Sep 19 22:24 : player: played "Eminem - The Death of Slim Shady (Coup De Grâce)_ Expanded Mourner’s Edition (2024) Mp3 320kbps [PMEDIA] ⭐️/18. Guess Who’s Back (skit).mp3"
Sep 19 22:25 : player: played "Eminem - The Death of Slim Shady (Coup De Grâce)_ Expanded Mourner’s Edition (2024) Mp3 320kbps [PMEDIA] ⭐️/20. Steve Berman (skit).mp3"
Sep 20 16:09 : mixer: Failed to read mixer for 'ALSA audio': no such mixer control: PCM
Sep 20 16:10 : output: Failed to open mixer for 'ALSA audio': no such mixer control: PCM
Sep 20 16:13 : player: played "Coldplay - A Rush Of Blood To The Head (2002) [MP3 320] 88/01. Politik.mp3"
Sep 20 16:24 : exception: Not playing
Sep 20 16:24 : exception: Not playing
Sep 20 16:24 : output: Failed to open mixer for 'ALSA audio': no such mixer control: PCM
Sep 20 16:29 : player: played "Coldplay - A Rush Of Blood To The Head (2002) [MP3 320] 88/01. Politik.mp3"
Sep 20 16:36 : output: Failed to open mixer for 'ALSA audio': no such mixer control: PCM
Sep 20 16:41 : player: played "Coldplay - A Rush Of Blood To The Head (2002) [MP3 320] 88/01. Politik.mp3"
Sep 20 16:43 : player: played "Coldplay - A Rush Of Blood To The Head (2002) [MP3 320] 88/02. In My Place.mp3"
Sep 20 16:45 : output: Failed to play on "pulse audio" (pulse): suspended
Sep 20 16:46 : player: played "Coldplay - A Rush Of Blood To The Head (2002) [MP3 320] 88/10. A Rush Of Blood To The Head.mp3"
Sep 20 16:46 : exception: Not playing
Sep 20 16:47 : output: Failed to open mixer for 'ALSA audio': no such mixer control: PCM
Sep 20 16:47 : player: played "Coldplay - A Rush Of Blood To The Head (2002) [MP3 320] 88/10. A Rush Of Blood To The Head.mp3"
Sep 21 00:16 : player: played "Coldplay - Music Of The Spheres (2021) [FLAC] 88/01. Music Of The Spheres I.flac"
Sep 21 00:19 : player: played "Two Steps From Hell/Two Steps From Hell-Classics Vol.1 (2013)[Mp3]/01 Nemesis.mp3"
Sep 21 00:23 : player: played "Two Steps From Hell/Two Steps From Hell-Classics Vol.1 (2013)[Mp3]/02 Armada.mp3"
Sep 21 00:25 : player: played "Two Steps From Hell/Two Steps From Hell-Classics Vol.1 (2013)[Mp3]/03 Magnan Imus.mp3"
Sep 21 00:30 : player: played "Two Steps From Hell/Two Steps From Hell-Classics Vol.1 (2013)[Mp3]/04 Jump!.mp3"
Sep 21 00:32 : player: played "Two Steps From Hell/Two Steps From Hell-Classics Vol.1 (2013)[Mp3]/05 Sons of War.mp3"
Sep 21 00:35 : player: played "Two Steps From Hell/Two Steps From Hell-Classics Vol.1 (2013)[Mp3]/06 Return from Darkness.mp3"
Sep 21 00:39 : player: played "Two Steps From Hell/Two Steps From Hell-Classics Vol.1 (2013)[Mp3]/07 Strength of an Empire.mp3"
Sep 21 00:41 : player: played "The Weeknd - Dawn FM (2022) Mp3 320kbps [PMEDIA] ⭐️/01. Dawn FM.mp3"
Sep 21 00:45 : player: played "The Weeknd - Dawn FM (2022) Mp3 320kbps [PMEDIA] ⭐️/02. Gasoline.mp3"
Sep 21 00:48 : player: played "The Weeknd - Dawn FM (2022) Mp3 320kbps [PMEDIA] ⭐️/03. How Do I Make You Love Me_.mp3"
Sep 21 00:54 : player: played "The Weeknd - Dawn FM (2022) Mp3 320kbps [PMEDIA] ⭐️/04. Take My Breath.mp3"
Sep 21 01:00 : player: played "Coldplay - A Rush Of Blood To The Head (2002) [MP3 320] 88/02. In My Place.mp3"
Sep 21 01:05 : player: played "Coldplay - A Rush Of Blood To The Head (2002) [MP3 320] 88/03. God Put A Smile Upon Your Face.mp3"
Sep 21 01:10 : player: played "Coldplay - A Rush Of Blood To The Head (2002) [MP3 320] 88/04. The Scientist.mp3"
Sep 21 01:15 : player: played "Coldplay - A Rush Of Blood To The Head (2002) [MP3 320] 88/05. Clocks.mp3"
Sep 21 01:21 : player: played "Coldplay - A Rush Of Blood To The Head (2002) [MP3 320] 88/06. Daylight.mp3"
Sep 21 01:25 : player: played "Coldplay - A Rush Of Blood To The Head (2002) [MP3 320] 88/07. Green Eyes.mp3"
Sep 21 01:30 : player: played "Coldplay - A Rush Of Blood To The Head (2002) [MP3 320] 88/08. Warning Sign.mp3"
Sep 21 01:34 : player: played "Coldplay - A Rush Of Blood To The Head (2002) [MP3 320] 88/09. A Whisper.mp3"
Sep 21 01:40 : player: played "Coldplay - A Rush Of Blood To The Head (2002) [MP3 320] 88/10. A Rush Of Blood To The Head.mp3"
Sep 21 01:41 : player: played "Coldplay - Music Of The Spheres (2021) [FLAC] 88/01. Music Of The Spheres I.flac"
Sep 21 01:42 : player: played "Coldplay - Music Of The Spheres (2021) [FLAC] 88/Coldplay - Music Of The Spheres.cue/track0001"
Sep 21 01:45 : player: played "Coldplay - Music Of The Spheres (2021) [FLAC] 88/02. Higher Power.flac"
Sep 21 01:49 : player: played "Coldplay - Music Of The Spheres (2021) [FLAC] 88/Coldplay - Music Of The Spheres.cue/track0002"
Sep 21 01:53 : player: played "Coldplay - Music Of The Spheres (2021) [FLAC] 88/03. Humankind.flac"
Sep 21 01:57 : player: played "Coldplay - Music Of The Spheres (2021) [FLAC] 88/Coldplay - Music Of The Spheres.cue/track0003"
Sep 21 01:58 : player: played "Coldplay - Music Of The Spheres (2021) [FLAC] 88/04. Alien Choir.flac"
Sep 21 01:59 : player: played "Coldplay - Music Of The Spheres (2021) [FLAC] 88/Coldplay - Music Of The Spheres.cue/track0004"
Sep 21 02:03 : player: played "Coldplay - Music Of The Spheres (2021) [FLAC] 88/07. People Of The Pride.flac"
Sep 21 02:06 : player: played "Coldplay - Music Of The Spheres (2021) [FLAC] 88/Coldplay - Music Of The Spheres.cue/track0007"
Sep 21 02:10 : player: played "Coldplay - Music Of The Spheres (2021) [FLAC] 88/08. Biutyful.flac"
Sep 21 02:13 : player: played "Coldplay - Music Of The Spheres (2021) [FLAC] 88/Coldplay - Music Of The Spheres.cue/track0008"
Sep 21 02:13 : player: played "Coldplay - Music Of The Spheres (2021) [FLAC] 88/Coldplay - Music Of The Spheres.cue/track0009"
Sep 21 02:17 : player: played "Coldplay - Music Of The Spheres (2021) [FLAC] 88/11. Infinity Sign.flac"
Sep 21 02:21 : player: played "Coldplay - Music Of The Spheres (2021) [FLAC] 88/Coldplay - Music Of The Spheres.cue/track0011"
Sep 21 02:31 : player: played "Coldplay - Music Of The Spheres (2021) [FLAC] 88/12. Coloratura.flac"
Sep 21 02:41 : player: played "Coldplay - Music Of The Spheres (2021) [FLAC] 88/Coldplay - Music Of The Spheres.cue/track0012"
Sep 21 02:46 : player: played "Taylor Swift - THE TORTURED POETS DEPARTMENT THE ANTHOLOGY (2024) Mp3 320kbps [PMEDIA] ⭐️/02. The Tortured Poets Department.mp3"
Sep 21 02:50 : player: played "Taylor Swift - THE TORTURED POETS DEPARTMENT THE ANTHOLOGY (2024) Mp3 320kbps [PMEDIA] ⭐️/03. My Boy Only Breaks His Favorite Toys.mp3"
Sep 21 02:54 : player: played "Taylor Swift - THE TORTURED POETS DEPARTMENT THE ANTHOLOGY (2024) Mp3 320kbps [PMEDIA] ⭐️/04. Down Bad.mp3"
Sep 21 02:58 : player: played "Taylor Swift - THE TORTURED POETS DEPARTMENT THE ANTHOLOGY (2024) Mp3 320kbps [PMEDIA] ⭐️/05. So Long, London.mp3"
Sep 21 03:01 : output: Failed to play on "pulse audio" (pulse): suspended
Sep 21 03:13 : player: played "Taylor Swift - THE TORTURED POETS DEPARTMENT THE ANTHOLOGY (2024) Mp3 320kbps [PMEDIA] ⭐️/06. But Daddy I Love Him.mp3"
Sep 21 12:40 : player: played "Taylor Swift - THE TORTURED POETS DEPARTMENT THE ANTHOLOGY (2024) Mp3 320kbps [PMEDIA] ⭐️/06. But Daddy I Love Him.mp3"
Sep 21 13:26 : player: played "Taylor Swift - THE TORTURED POETS DEPARTMENT THE ANTHOLOGY (2024) Mp3 320kbps [PMEDIA] ⭐️/06. But Daddy I Love Him.mp3"
Sep 21 13:36 : player: played "Taylor Swift - THE TORTURED POETS DEPARTMENT THE ANTHOLOGY (2024) Mp3 320kbps [PMEDIA] ⭐️/06. But Daddy I Love Him.mp3"
Sep 21 13:54 : player: played "Taylor Swift - THE TORTURED POETS DEPARTMENT THE ANTHOLOGY (2024) Mp3 320kbps [PMEDIA] ⭐️/06. But Daddy I Love Him.mp3"
Sep 21 13:58 : player: played "Taylor Swift - THE TORTURED POETS DEPARTMENT THE ANTHOLOGY (2024) Mp3 320kbps [PMEDIA] ⭐️/06. But Daddy I Love Him.mp3"
Sep 21 18:37 : player: played "The Weeknd - Dawn FM (2022) Mp3 320kbps [PMEDIA] ⭐️/14. I Heard You’re Married.mp3"
Sep 21 18:40 : player: played "Coldplay - Music Of The Spheres (2021) [FLAC] 88/01. Music Of The Spheres I.flac"
Sep 21 18:41 : player: played "Coldplay - Music Of The Spheres (2021) [FLAC] 88/Coldplay - Music Of The Spheres.cue/track0001"
Sep 21 18:44 : player: played "Coldplay - Music Of The Spheres (2021) [FLAC] 88/02. Higher Power.flac"
Sep 21 18:47 : player: played "Coldplay - Music Of The Spheres (2021) [FLAC] 88/Coldplay - Music Of The Spheres.cue/track0002"
Sep 21 18:52 : player: played "Coldplay - Music Of The Spheres (2021) [FLAC] 88/03. Humankind.flac"
Sep 21 18:56 : player: played "Coldplay - Music Of The Spheres (2021) [FLAC] 88/Coldplay - Music Of The Spheres.cue/track0003"
Sep 21 18:57 : player: played "Coldplay - Music Of The Spheres (2021) [FLAC] 88/04. Alien Choir.flac"
Sep 21 18:58 : player: played "Coldplay - Music Of The Spheres (2021) [FLAC] 88/Coldplay - Music Of The Spheres.cue/track0004"
Sep 21 19:02 : player: played "Coldplay - Music Of The Spheres (2021) [FLAC] 88/07. People Of The Pride.flac"
Sep 21 19:05 : player: played "Coldplay - Music Of The Spheres (2021) [FLAC] 88/Coldplay - Music Of The Spheres.cue/track0007"
Sep 21 19:09 : player: played "Coldplay - Music Of The Spheres (2021) [FLAC] 88/08. Biutyful.flac"
Sep 21 19:12 : player: played "Coldplay - Music Of The Spheres (2021) [FLAC] 88/Coldplay - Music Of The Spheres.cue/track0008"
Sep 21 19:12 : player: played "Coldplay - Music Of The Spheres (2021) [FLAC] 88/Coldplay - Music Of The Spheres.cue/track0009"
Sep 21 19:16 : player: played "Coldplay - Music Of The Spheres (2021) [FLAC] 88/11. Infinity Sign.flac"
Sep 21 19:20 : player: played "Coldplay - Music Of The Spheres (2021) [FLAC] 88/Coldplay - Music Of The Spheres.cue/track0011"
Sep 21 19:30 : player: played "Coldplay - Music Of The Spheres (2021) [FLAC] 88/12. Coloratura.flac"
Sep 21 19:40 : player: played "Coldplay - Music Of The Spheres (2021) [FLAC] 88/Coldplay - Music Of The Spheres.cue/track0012"
Oct 01 18:14 : player: played "Two Steps From Hell/Two Steps From Hell-Classics Vol.1 (2013)[Mp3]/17 White Witch.mp3"
Oct 01 18:16 : player: played "Two Steps From Hell/Two Steps From Hell-Classics Vol.1 (2013)[Mp3]/18 Spirit of Moravia.mp3"
Oct 01 18:18 : player: played "Two Steps From Hell/Two Steps From Hell-Classics Vol.1 (2013)[Mp3]/19 The Cross of Antiquan.mp3"
Oct 01 18:21 : player: played "Two Steps From Hell/Two Steps From Hell-Classics Vol.1 (2013)[Mp3]/20 Asimov.mp3"
Oct 01 18:23 : player: played "Two Steps From Hell/Two Steps From Hell-Classics Vol.1 (2013)[Mp3]/22 The World Is Mind.mp3"
Oct 01 18:27 : player: played "Two Steps From Hell/Two Steps From Hell-Classics Vol.1 (2013)[Mp3]/23 Little Ben.mp3"
Oct 01 18:28 : player: played "The Weeknd - Dawn FM (2022) Mp3 320kbps [PMEDIA] ⭐️/01. Dawn FM.mp3"
Oct 01 18:32 : player: played "Taylor Swift - THE TORTURED POETS DEPARTMENT THE ANTHOLOGY (2024) Mp3 320kbps [PMEDIA] ⭐️/01. Fortnight.mp3"
Oct 01 18:37 : player: played "Coldplay - A Rush Of Blood To The Head (2002) [MP3 320] 88/01. Politik.mp3"
Oct 01 18:43 : player: played "Coldplay - A Rush Of Blood To The Head (2002) [MP3 320] 88/01. Politik.mp3"
Oct 01 18:46 : player: played "Coldplay - A Rush Of Blood To The Head (2002) [MP3 320] 88/02. In My Place.mp3"
Oct 01 18:51 : player: played "Coldplay - A Rush Of Blood To The Head (2002) [MP3 320] 88/03. God Put A Smile Upon Your Face.mp3"
Oct 02 01:34 : player: played "Coldplay - A Rush Of Blood To The Head (2002) [MP3 320] 88/04. The Scientist.mp3"
Oct 03 11:18 : player: played "Coldplay - A Rush Of Blood To The Head (2002) [MP3 320] 88/04. The Scientist.mp3"
Oct 03 12:20 : player: played "Coldplay - A Rush Of Blood To The Head (2002) [MP3 320] 88/04. The Scientist.mp3"
Oct 03 19:41 : player: played "Coldplay - A Rush Of Blood To The Head (2002) [MP3 320] 88/04. The Scientist.mp3"
Oct 04 01:43 : player: played "Coldplay - A Rush Of Blood To The Head (2002) [MP3 320] 88/04. The Scientist.mp3"
Oct 04 02:05 : player: played "Coldplay - Music Of The Spheres (2021) [FLAC] 88/01. Music Of The Spheres I.flac"
Oct 26 16:20 : player: played "Coldplay - A Rush Of Blood To The Head (2002) [MP3 320] 88/04. The Scientist.mp3"
Oct 26 23:56 : player: played "Coldplay - A Rush Of Blood To The Head (2002) [MP3 320] 88/04. The Scientist.mp3"
Oct 28 00:52 : player: played "Coldplay - A Rush Of Blood To The Head (2002) [MP3 320] 88/04. The Scientist.mp3"
Oct 29 00:08 : player: played "Coldplay - A Rush Of Blood To The Head (2002) [MP3 320] 88/04. The Scientist.mp3"
Oct 29 02:53 : player: played "Coldplay - A Rush Of Blood To The Head (2002) [MP3 320] 88/04. The Scientist.mp3"
Oct 30 01:39 : player: played "Coldplay - A Rush Of Blood To The Head (2002) [MP3 320] 88/04. The Scientist.mp3"
Oct 31 02:16 : player: played "Coldplay - A Rush Of Blood To The Head (2002) [MP3 320] 88/04. The Scientist.mp3"
Nov 01 02:54 : player: played "Coldplay - A Rush Of Blood To The Head (2002) [MP3 320] 88/04. The Scientist.mp3"
Nov 01 14:59 : player: played "Coldplay - A Rush Of Blood To The Head (2002) [MP3 320] 88/04. The Scientist.mp3"
Nov 02 02:02 : player: played "Coldplay - A Rush Of Blood To The Head (2002) [MP3 320] 88/04. The Scientist.mp3"
Nov 02 11:41 : player: played "Coldplay - A Rush Of Blood To The Head (2002) [MP3 320] 88/04. The Scientist.mp3"
Nov 02 18:36 : player: played "Coldplay - A Rush Of Blood To The Head (2002) [MP3 320] 88/04. The Scientist.mp3"
Nov 02 18:45 : player: played "Coldplay - A Rush Of Blood To The Head (2002) [MP3 320] 88/04. The Scientist.mp3"
Nov 02 18:55 : player: played "Coldplay - A Rush Of Blood To The Head (2002) [MP3 320] 88/04. The Scientist.mp3"
Nov 02 19:55 : player: played "Coldplay - A Rush Of Blood To The Head (2002) [MP3 320] 88/04. The Scientist.mp3"
Nov 03 01:17 : player: played "Two Steps From Hell/Two Steps From Hell-Classics Vol.1 (2013)[Mp3]/01 Nemesis.mp3"
Nov 03 01:19 : player: played "Two Steps From Hell/Two Steps From Hell-Classics Vol.1 (2013)[Mp3]/01 Nemesis.mp3"
Nov 03 01:21 : player: played "Two Steps From Hell/Two Steps From Hell-Classics Vol.1 (2013)[Mp3]/01 Nemesis.mp3"
Nov 03 03:10 : player: played "Two Steps From Hell/Two Steps From Hell-Classics Vol.1 (2013)[Mp3]/01 Nemesis.mp3"
Nov 03 18:35 : output: Failed to play on "pulse audio" (pulse): suspended
Nov 03 18:43 : player: played "Two Steps From Hell/Two Steps From Hell-Classics Vol.1 (2013)[Mp3]/01 Nemesis.mp3"
Nov 04 02:55 : output: Failed to pause "pulse audio" (pulse): failed to connect the stream: Connection terminated
Nov 04 03:41 : player: played "Two Steps From Hell/Two Steps From Hell-Classics Vol.1 (2013)[Mp3]/02 Armada.mp3"
Nov 05 03:09 : player: played "Two Steps From Hell/Two Steps From Hell-Classics Vol.1 (2013)[Mp3]/02 Armada.mp3"
Nov 06 03:08 : player: played "Two Steps From Hell/Two Steps From Hell-Classics Vol.1 (2013)[Mp3]/02 Armada.mp3"
Nov 06 15:22 : player: played "Two Steps From Hell/Two Steps From Hell-Classics Vol.1 (2013)[Mp3]/02 Armada.mp3"
Nov 07 03:14 : player: played "Two Steps From Hell/Two Steps From Hell-Classics Vol.1 (2013)[Mp3]/02 Armada.mp3"
Nov 07 12:52 : player: played "Two Steps From Hell/Two Steps From Hell-Classics Vol.1 (2013)[Mp3]/02 Armada.mp3"
Nov 07 21:40 : player: played "Two Steps From Hell/Two Steps From Hell-Classics Vol.1 (2013)[Mp3]/02 Armada.mp3"
Nov 08 03:40 : player: played "Two Steps From Hell/Two Steps From Hell-Classics Vol.1 (2013)[Mp3]/02 Armada.mp3"
Nov 08 14:32 : player: played "Two Steps From Hell/Two Steps From Hell-Classics Vol.1 (2013)[Mp3]/02 Armada.mp3"
Nov 09 04:20 : player: played "Two Steps From Hell/Two Steps From Hell-Classics Vol.1 (2013)[Mp3]/02 Armada.mp3"
Nov 09 18:32 : player: played "Two Steps From Hell/Two Steps From Hell-Classics Vol.1 (2013)[Mp3]/02 Armada.mp3"
Nov 10 04:07 : player: played "Two Steps From Hell/Two Steps From Hell-Classics Vol.1 (2013)[Mp3]/02 Armada.mp3"
Nov 11 03:51 : player: played "Two Steps From Hell/Two Steps From Hell-Classics Vol.1 (2013)[Mp3]/02 Armada.mp3"
Nov 11 17:59 : player: played "Two Steps From Hell/Two Steps From Hell-Classics Vol.1 (2013)[Mp3]/02 Armada.mp3"
Nov 12 02:55 : player: played "Two Steps From Hell/Two Steps From Hell-Classics Vol.1 (2013)[Mp3]/02 Armada.mp3"
Nov 12 16:31 : player: played "Two Steps From Hell/Two Steps From Hell-Classics Vol.1 (2013)[Mp3]/02 Armada.mp3"
Nov 12 16:33 : player: played "Two Steps From Hell/Two Steps From Hell-Classics Vol.1 (2013)[Mp3]/02 Armada.mp3"
Nov 13 02:46 : player: played "Two Steps From Hell/Two Steps From Hell-Classics Vol.1 (2013)[Mp3]/02 Armada.mp3"
Nov 13 17:40 : player: played "Two Steps From Hell/Two Steps From Hell-Classics Vol.1 (2013)[Mp3]/02 Armada.mp3"
Nov 13 20:14 : player: played "Two Steps From Hell/Two Steps From Hell-Classics Vol.1 (2013)[Mp3]/02 Armada.mp3"
Nov 13 21:48 : player: played "Two Steps From Hell/Two Steps From Hell-Classics Vol.1 (2013)[Mp3]/02 Armada.mp3"
Nov 15 01:56 : player: played "Two Steps From Hell/Two Steps From Hell-Classics Vol.1 (2013)[Mp3]/02 Armada.mp3"
Nov 16 04:10 : player: played "Two Steps From Hell/Two Steps From Hell-Classics Vol.1 (2013)[Mp3]/02 Armada.mp3"
Nov 16 14:38 : player: played "Two Steps From Hell/Two Steps From Hell-Classics Vol.1 (2013)[Mp3]/02 Armada.mp3"
Nov 16 22:08 : player: played "Two Steps From Hell/Two Steps From Hell-Classics Vol.1 (2013)[Mp3]/02 Armada.mp3"
Nov 17 04:42 : player: played "Two Steps From Hell/Two Steps From Hell-Classics Vol.1 (2013)[Mp3]/02 Armada.mp3"
Nov 18 02:13 : player: played "Two Steps From Hell/Two Steps From Hell-Classics Vol.1 (2013)[Mp3]/02 Armada.mp3"
Nov 19 01:39 : player: played "Two Steps From Hell/Two Steps From Hell-Classics Vol.1 (2013)[Mp3]/02 Armada.mp3"
Nov 20 01:25 : player: played "Two Steps From Hell/Two Steps From Hell-Classics Vol.1 (2013)[Mp3]/02 Armada.mp3"
Nov 20 13:33 : player: played "Two Steps From Hell/Two Steps From Hell-Classics Vol.1 (2013)[Mp3]/02 Armada.mp3"
Nov 21 01:44 : player: played "Two Steps From Hell/Two Steps From Hell-Classics Vol.1 (2013)[Mp3]/02 Armada.mp3"
Nov 21 01:57 : player: played "Two Steps From Hell/Two Steps From Hell-Classics Vol.1 (2013)[Mp3]/02 Armada.mp3"
Nov 21 03:29 : player: played "Two Steps From Hell/Two Steps From Hell-Classics Vol.1 (2013)[Mp3]/02 Armada.mp3"
Nov 21 12:15 : player: played "Two Steps From Hell/Two Steps From Hell-Classics Vol.1 (2013)[Mp3]/02 Armada.mp3"
Nov 21 13:33 : player: played "Two Steps From Hell/Two Steps From Hell-Classics Vol.1 (2013)[Mp3]/02 Armada.mp3"
Nov 21 16:35 : player: played "Two Steps From Hell/Two Steps From Hell-Classics Vol.1 (2013)[Mp3]/02 Armada.mp3"
Nov 22 00:13 : player: played "Two Steps From Hell/Two Steps From Hell-Classics Vol.1 (2013)[Mp3]/02 Armada.mp3"
Nov 22 13:52 : player: played "Two Steps From Hell/Two Steps From Hell-Classics Vol.1 (2013)[Mp3]/02 Armada.mp3"
Nov 23 03:36 : player: played "Two Steps From Hell/Two Steps From Hell-Classics Vol.1 (2013)[Mp3]/02 Armada.mp3"
Nov 23 12:56 : player: played "Two Steps From Hell/Two Steps From Hell-Classics Vol.1 (2013)[Mp3]/02 Armada.mp3"
Nov 23 12:58 : player: played "Two Steps From Hell/Two Steps From Hell-Classics Vol.1 (2013)[Mp3]/02 Armada.mp3"
Nov 23 12:58 : player: played "Two Steps From Hell/Two Steps From Hell-Classics Vol.1 (2013)[Mp3]/02 Armada.mp3"
Nov 25 00:45 : player: played "Two Steps From Hell/Two Steps From Hell-Classics Vol.1 (2013)[Mp3]/02 Armada.mp3"
Nov 25 13:54 : player: played "Two Steps From Hell/Two Steps From Hell-Classics Vol.1 (2013)[Mp3]/02 Armada.mp3"
Nov 27 01:51 : player: played "Two Steps From Hell/Two Steps From Hell-Classics Vol.1 (2013)[Mp3]/02 Armada.mp3"
Nov 27 13:55 : player: played "Two Steps From Hell/Two Steps From Hell-Classics Vol.1 (2013)[Mp3]/02 Armada.mp3"
Nov 29 01:03 : player: played "Two Steps From Hell/Two Steps From Hell-Classics Vol.1 (2013)[Mp3]/02 Armada.mp3"
Nov 29 13:31 : player: played "Two Steps From Hell/Two Steps From Hell-Classics Vol.1 (2013)[Mp3]/02 Armada.mp3"
Nov 30 03:29 : player: played "Two Steps From Hell/Two Steps From Hell-Classics Vol.1 (2013)[Mp3]/02 Armada.mp3"
Nov 30 12:08 : player: played "Two Steps From Hell/Two Steps From Hell-Classics Vol.1 (2013)[Mp3]/02 Armada.mp3"
Dec 01 02:53 : player: played "Two Steps From Hell/Two Steps From Hell-Classics Vol.1 (2013)[Mp3]/02 Armada.mp3"
Dec 01 13:33 : player: played "Two Steps From Hell/Two Steps From Hell-Classics Vol.1 (2013)[Mp3]/02 Armada.mp3"
Dec 03 23:44 : player: played "Two Steps From Hell/Two Steps From Hell-Classics Vol.1 (2013)[Mp3]/02 Armada.mp3"
Dec 04 01:13 : player: played "Two Steps From Hell/Two Steps From Hell-Classics Vol.1 (2013)[Mp3]/02 Armada.mp3"
Dec 04 12:58 : player: played "Two Steps From Hell/Two Steps From Hell-Classics Vol.1 (2013)[Mp3]/02 Armada.mp3"
Dec 04 13:00 : player: played "Two Steps From Hell/Two Steps From Hell-Classics Vol.1 (2013)[Mp3]/02 Armada.mp3"
Dec 06 05:02 : player: played "Two Steps From Hell/Two Steps From Hell-Classics Vol.1 (2013)[Mp3]/02 Armada.mp3"
Dec 06 17:51 : player: played "Two Steps From Hell/Two Steps From Hell-Classics Vol.1 (2013)[Mp3]/02 Armada.mp3"
Dec 07 03:36 : player: played "Two Steps From Hell/Two Steps From Hell-Classics Vol.1 (2013)[Mp3]/02 Armada.mp3"
Dec 08 02:01 : player: played "Two Steps From Hell/Two Steps From Hell-Classics Vol.1 (2013)[Mp3]/02 Armada.mp3"
Dec 09 03:52 : player: played "Two Steps From Hell/Two Steps From Hell-Classics Vol.1 (2013)[Mp3]/02 Armada.mp3"
Dec 10 03:01 : player: played "Two Steps From Hell/Two Steps From Hell-Classics Vol.1 (2013)[Mp3]/02 Armada.mp3"
Dec 10 14:56 : player: played "Two Steps From Hell/Two Steps From Hell-Classics Vol.1 (2013)[Mp3]/02 Armada.mp3"
Dec 11 11:38 : player: played "Two Steps From Hell/Two Steps From Hell-Classics Vol.1 (2013)[Mp3]/02 Armada.mp3"
Dec 11 15:23 : player: played "Two Steps From Hell/Two Steps From Hell-Classics Vol.1 (2013)[Mp3]/02 Armada.mp3"
Dec 12 02:00 : player: played "Two Steps From Hell/Two Steps From Hell-Classics Vol.1 (2013)[Mp3]/02 Armada.mp3"
Dec 12 12:16 : player: played "Two Steps From Hell/Two Steps From Hell-Classics Vol.1 (2013)[Mp3]/02 Armada.mp3"
Dec 12 23:58 : player: played "Two Steps From Hell/Two Steps From Hell-Classics Vol.1 (2013)[Mp3]/02 Armada.mp3"
Dec 14 02:03 : player: played "Two Steps From Hell/Two Steps From Hell-Classics Vol.1 (2013)[Mp3]/02 Armada.mp3"
Dec 15 02:11 : player: played "Two Steps From Hell/Two Steps From Hell-Classics Vol.1 (2013)[Mp3]/02 Armada.mp3"
Dec 15 17:37 : player: played "Two Steps From Hell/Two Steps From Hell-Classics Vol.1 (2013)[Mp3]/02 Armada.mp3"
Dec 15 18:25 : player: played "Two Steps From Hell/Two Steps From Hell-Classics Vol.1 (2013)[Mp3]/02 Armada.mp3"
Dec 15 21:38 : exception: Failed to decode /home/fiend/Music/Two Steps From Hell/Two Steps From Hell-Classics Vol.1 (2013)[Mp3]/02 Armada.mp3; Failed to open '/home/fiend/Music/Two Steps From Hell/Two Steps From Hell-Classics Vol.1 (2013)[Mp3]/02 Armada.mp3': No such file or directory
Dec 15 21:38 : player: played "Two Steps From Hell/Two Steps From Hell-Classics Vol.1 (2013)[Mp3]/02 Armada.mp3"
